ROOTDIR is `/'
Checking `amd'...                                           not found
Checking `basename'...                                      not infected
Checking `biff'...                                          not found
Checking `chfn'...                                          not infected
Checking `chsh'...                                          not infected
Checking `cron'...                                          not infected
Checking `crontab'...                                       not infected
Checking `date'...                                          not infected
Checking `du'...                                            not infected
Checking `dirname'...                                       not infected
Checking `echo'...                                          not infected
Checking `egrep'...                                         not infected
Checking `env'...                                           not infected
Checking `find'...                                          not infected
Checking `fingerd'...                                       not found
Checking `gpm'...                                           not found
Checking `grep'...                                          not infected
Checking `hdparm'...                                        not found
Checking `su'...                                            not infected
Checking `ifconfig'...                                      not infected
Checking `inetd'...                                         not infected
Checking `inetdconf'...                                     not found
Checking `identd'...                                        not found
Checking `init'...                                          not infected
Checking `killall'...                                       not infected
Checking `ldsopreload'...                                   not infected
Checking `login'...                                         not infected
Checking `ls'...                                            not infected
Checking `lsof'...                                          not infected
Checking `mail'...                                          not infected
Checking `mingetty'...                                      not found
Checking `netstat'...                                       not infected
Checking `named'...                                         not found
Checking `passwd'...                                        not infected
Checking `pidof'...                                         not infected
Checking `pop2'...                                          not found
Checking `pop3'...                                          not found
Checking `ps'...                                            not infected
Checking `pstree'...                                        not infected
Checking `rpcinfo'...                                       not found
Checking `rlogind'...                                       not found
Checking `rshd'...                                          not found
Checking `slogin'...                                        not infected
Checking `sendmail'...                                      not infected
Checking `sshd'...                                          not infected
Checking `syslogd'...                                       not found
Checking `tar'...                                           not infected
Checking `tcpd'...                                          not found
Checking `tcpdump'...                                       not infected
Checking `top'...                                           not infected
Checking `telnetd'...                                       not found
Checking `timed'...                                         not found
Checking `traceroute'...                                    not infected
Checking `vdir'...                                          not infected
Checking `w'...                                             not infected
Checking `write'...                                         not infected
Checking `aliens'...                                        started
Searching for suspicious files in /dev...                   not found
Searching for known suspicious directories...               not found
Searching for known suspicious files...                     not found
Searching for sniffer's logs...                             not found
Searching for HiDrootkit rootkit...                         not found
Searching for t0rn rootkit...                               not found
Searching for t0rn v8 (or variation)...                     not found
Searching for Lion rootkit...                               not found
Searching for RSHA rootkit...                               not found
Searching for RH-Sharpe rootkit...                          not found
Searching for Ambient (ark) rootkit...                      not found
Searching for suspicious files and dirs...                  WARNING

WARNING: The following suspicious files and directories were found:
/usr/lib/hashcat/modules/.lock
/usr/lib/jvm/.java-1.11.0-openjdk-amd64.jinfo
/usr/lib/jvm/.java-1.17.0-openjdk-amd64.jinfo
/usr/lib/llvm-14/build/utils/lit/tests/Inputs/reorder/.lit_test_times.txt
/usr/lib/llvm-14/build/utils/lit/tests/.coveragerc
/usr/lib/llvm-15/build/utils/lit/tests/Inputs/reorder/.lit_test_times.txt
/usr/lib/llvm-15/build/utils/lit/tests/.coveragerc
/usr/lib/parrot-skel/etc/skel/.BurpSuite
/usr/lib/parrot-skel/etc/skel/.config
/usr/lib/parrot-skel/etc/skel/.config/i3/.gitkeep
/usr/lib/parrot-skel/etc/skel/.config/polybar/.gitkeep
/usr/lib/parrot-skel/etc/skel/.dbeaver4
/usr/lib/parrot-skel/etc/skel/.dbeaver4/.metadata
/usr/lib/parrot-skel/etc/skel/.dbeaver4/.metadata/.plugins
/usr/lib/parrot-skel/etc/skel/.dbeaver4/.metadata/.plugins/org.eclipse.core.runtime/.settings
/usr/lib/parrot-skel/etc/skel/.java
/usr/lib/parrot-skel/etc/skel/.java/.userPrefs
/usr/lib/parrot-skel/etc/skel/.kde
/usr/lib/parrot-skel/etc/skel/.local
/usr/lib/parrot-skel/etc/skel/.msf4
/usr/lib/parrot-skel/etc/skel/.bashrc
/usr/lib/parrot-skel/etc/skel/.emacs
/usr/lib/parrot-skel/etc/skel/.gtkrc-2.0
/usr/lib/parrot-skel/etc/skel/.profile
/usr/lib/python3/dist-packages/matplotlib/backends/web_backend/.eslintrc.js
/usr/lib/python3/dist-packages/matplotlib/backends/web_backend/.prettierignore
/usr/lib/python3/dist-packages/matplotlib/backends/web_backend/.prettierrc
/usr/lib/python3/dist-packages/matplotlib/tests/baseline_images/.keep
/usr/lib/python3/dist-packages/matplotlib/tests/tinypages/_static/.gitignore
/usr/lib/python3/dist-packages/matplotlib/tests/tinypages/.gitignore
/usr/lib/python3/dist-packages/numpy/core/include/numpy/.doxyfile
/usr/lib/python3/dist-packages/numpy/f2py/tests/src/assumed_shape/.f2py_f2cmap
/usr/lib/python3/dist-packages/numpy/f2py/tests/src/f2cmap/.f2py_f2cmap
/usr/lib/ruby/gems/3.1.0/gems/typeprof-0.21.2/vscode/.vscode
/usr/lib/ruby/gems/3.1.0/gems/typeprof-0.21.2/vscode/.gitignore
/usr/lib/ruby/gems/3.1.0/gems/typeprof-0.21.2/vscode/.vscodeignore
/usr/lib/ruby/vendor_ruby/rubygems/optparse/.document
/usr/lib/ruby/vendor_ruby/rubygems/ssl_certs/.document
/usr/lib/ruby/vendor_ruby/rubygems/tsort/.document

Searching for LPD Worm...                                   not found
Searching for Ramen Worm rootkit...                         not found
Searching for Maniac rootkit...                             not found
Searching for RK17 rootkit...                               not found
Searching for Ducoci rootkit...                             not found
Searching for Adore Worm...                                 not found
Searching for ShitC Worm...                                 not found
Searching for Omega Worm...                                 not found
Searching for Sadmind/IIS Worm...                           not found
Searching for MonKit...                                     not found
Searching for Showtee rootkit...                            not found
Searching for OpticKit...                                   not found
Searching for T.R.K...                                      not found
Searching for Mithra rootkit...                             not found
Searching for OBSD rootkit v1...                            not tested
Searching for LOC rootkit...                                not found
Searching for Romanian rootkit...                           not found
Searching for HKRK rootkit...                               not found
Searching for Suckit rootkit...                             not found
Searching for Volc rootkit...                               not found
Searching for Gold2 rootkit...                              not found
Searching for TC2 rootkit...                                not found
Searching for Anonoying rootkit...                          not found
Searching for ZK rootkit...                                 not found
Searching for ShKit rootkit...                              not found
Searching for AjaKit rootkit...                             not found
Searching for zaRwT rootkit...                              not found
Searching for Madalin rootkit...                            not found
Searching for Fu rootkit...                                 not found
Searching for Kenga3 rootkit...                             not found
Searching for ESRK rootkit...                               not found
Searching for rootedoor...                                  not found
Searching for ENYELKM rootkit...                            not found
Searching for common ssh-scanners...                        not found
Searching for Linux/Ebury 1.4 - Operation Windigo...        not tested
Searching for Linux/Ebury 1.6...                            not found
Searching for 64-bit Linux Rootkit...                       not found
Searching for 64-bit Linux Rootkit modules...               not found
Searching for Mumblehard...                                 not found
Searching for Backdoor.Linux.Mokes.a...                     not found
Searching for Malicious TinyDNS...                          not found
Searching for Linux.Xor.DDoS...                             not found
Searching for Linux.Proxy.1.0...                            not found
Searching for CrossRAT...                                   not found
Searching for Hidden Cobra...                               not found
Searching for Rocke Miner rootkit...                        not found
Searching for PWNLNX4 lkm rootkit...                        not found
Searching for PWNLNX6 lkm rootkit...                        not found
Searching for Umbreon lrk...                                not found
Searching for Kinsing.a backdoor rootkit...                 not found
Searching for RotaJakiro backdoor rootkit...                not found
Searching for Syslogk LKM rootkit...                        not found
Searching for Kovid LKM rootkit...                          not tested
Searching for suspect PHP files...                          not found
Searching for zero-size shell history files...              WARNING

WARNING: Zero-size history files:
//root/.bash_history

Searching for hardlinked shell history files...             not found
Checking `aliens'...                                        finished
Checking `asp'...                                           not infected
Checking `bindshell'...                                     not found
Checking `lkm'...                                           started
Searching for Adore LKM...                                  not tested
Searching for sebek LKM (Adore based)...                    not tested
Searching for knark LKM rootkit...                          not found
Searching for for hidden processes with chkproc...          not found
Searching for for hidden directories using chkdirs...       not found
Checking `lkm'...                                           finished
Checking `rexedcs'...                                       not found
Checking `sniffer'...                                       WARNING

WARNING: Output from ifpromisc:
lo: not promisc and no packet sniffer sockets
wlp2s0: PACKET SNIFFER(/usr/sbin/NetworkManager[840], /usr/sbin/NetworkManager[840], /usr/sbin/wpa_supplicant[842])
docker0: not promisc and no packet sniffer sockets

Checking `w55808'...                                        not found
Checking `wted'...                                          not found
Checking `scalper'...                                       not found
Checking `slapper'...                                       not found
Checking `z2'...                                            not found
Checking `chkutmp'...                                       not found
Checking `OSX_RSPLUG'...                                    not tested
